<?xml version="1.0" encoding="UTF-8"?>
<testsuite name="Scenario: Gmail sign in using Incorrect userdetails" time="4.723" tests="14" errors="0" skipped="0" failures="2">
  <properties>
[...]
</properties>
  <testcase name="Given I am in google home page" classname="Scenario: Text Search through Google Search" time="0.002"/>
  <testcase name="When I search text in google search box" classname="Scenario: Text Search through Google Search" time="0"/>
  <testcase name="Then I should able to see the searched result" classname="Scenario: Text Search through Google Search" time="0"/>
  <testcase name="Scenario: Text Search through Google Search" classname="Scenario: Text Search through Google Search" time="2.356"/>
  <testcase name="Given I am in google home page" classname="Scenario: Gmail sign in using correct userdetails" time="0"/>
  <testcase name="When I click on Gmail link" classname="Scenario: Gmail sign in using correct userdetails" time="0"/>
  <testcase name="And I have enter correct username and password in sign-in page" classname="Scenario: Gmail sign in using correct userdetails" time="0"/>
  <testcase name="Then I should be able to logged-in successfully" classname="Scenario: Gmail sign in using correct userdetails" time="0"/>
  <testcase name="Scenario: Gmail sign in using correct userdetails" classname="Scenario: Gmail sign in using correct userdetails" time="2.357"/>
  <testcase name="Given I am in google home page" classname="Scenario: Gmail sign in using Incorrect userdetails" time="0"/>
  <testcase name="When I click on Gmail link" classname="Scenario: Gmail sign in using Incorrect userdetails" time="0"/>
  <testcase name="And I have enter incorrect username and password" classname="Scenario: Gmail sign in using Incorrect userdetails" time="0"/>
  <testcase name="Then I should be able to see error message and not logged-in" classname="Scenario: Gmail sign in using Incorrect userdetails" time="0.004">
    <failure message="expected [The email and password you entered don&apos;t] but found [The email and password you entered don&apos;t match.]" type="java.lang.AssertionError">java.lang.AssertionError: expected [The email and password you entered don't] but found [The email and password you entered don't match.]
	at org.testng.Assert.fail(Assert.java:94)
	at org.testng.Assert.failNotEquals(Assert.java:494)
	at org.testng.Assert.assertEquals(Assert.java:123)
	at org.testng.Assert.assertEquals(Assert.java:176)
	at org.testng.Assert.assertEquals(Assert.java:186)
	at stepsDefinations.GoogleStepDefination.i_should_be_able_to_see_error_message_and_not_logged_in(GoogleStepDefination.java:115)
	at ✽.Then I should be able to see error message and not logged-in(features/Google.feature:20)
</failure>
  </testcase>
  <testcase name="Scenario: Gmail sign in using Incorrect userdetails" classname="Scenario: Gmail sign in using Incorrect userdetails" time="0.004">
    <failure message="expected [The email and password you entered don&apos;t] but found [The email and password you entered don&apos;t match.]" type="java.lang.AssertionError">java.lang.AssertionError: expected [The email and password you entered don't] but found [The email and password you entered don't match.]
	at org.testng.Assert.fail(Assert.java:94)
	at org.testng.Assert.failNotEquals(Assert.java:494)
	at org.testng.Assert.assertEquals(Assert.java:123)
	at org.testng.Assert.assertEquals(Assert.java:176)
	at org.testng.Assert.assertEquals(Assert.java:186)
	at stepsDefinations.GoogleStepDefination.i_should_be_able_to_see_error_message_and_not_logged_in(GoogleStepDefination.java:115)
	at ✽.Then I should be able to see error message and not logged-in(features/Google.feature:20)
</failure>
  </testcase>
</testsuite>